#! /opt/homebrew/Cellar/icarus-verilog/12.0/bin/vvp
:ivl_version "12.0 (stable)";
:ivl_delay_selection "TYPICAL";
:vpi_time_precision - 12;
:vpi_module "/opt/homebrew/Cellar/icarus-verilog/12.0/lib/ivl/system.vpi";
:vpi_module "/opt/homebrew/Cellar/icarus-verilog/12.0/lib/ivl/vhdl_sys.vpi";
:vpi_module "/opt/homebrew/Cellar/icarus-verilog/12.0/lib/ivl/vhdl_textio.vpi";
:vpi_module "/opt/homebrew/Cellar/icarus-verilog/12.0/lib/ivl/v2005_math.vpi";
:vpi_module "/opt/homebrew/Cellar/icarus-verilog/12.0/lib/ivl/va_math.vpi";
:vpi_module "/opt/homebrew/Cellar/icarus-verilog/12.0/lib/ivl/v2009.vpi";
S_0x12fe04170 .scope package, "$unit" "$unit" 2 1;
 .timescale 0 0;
S_0x12fe04310 .scope module, "tb_multicast_router" "tb_multicast_router" 3 3;
 .timescale -9 -12;
P_0x12fe04480 .param/l "DATA_WIDTH" 0 3 6, +C4<00000000000000000000000000010000>;
P_0x12fe044c0 .param/l "ID_WIDTH" 0 3 7, +C4<00000000000000000000000000000100>;
P_0x12fe04500 .param/l "PE_COUNT" 0 3 5, +C4<00000000000000000000000000000101>;
L_0x12fe10270 .functor BUFZ 16, L_0x12fe0f250, C4<0000000000000000>, C4<0000000000000000>, C4<0000000000000000>;
L_0x12fe10320 .functor BUFZ 16, L_0x12fe0f530, C4<0000000000000000>, C4<0000000000000000>, C4<0000000000000000>;
L_0x12fe10410 .functor BUFZ 16, L_0x12fe0f750, C4<0000000000000000>, C4<0000000000000000>, C4<0000000000000000>;
L_0x12fe104c0 .functor BUFZ 16, L_0x12fe0fa90, C4<0000000000000000>, C4<0000000000000000>, C4<0000000000000000>;
L_0x12fe105c0 .functor BUFZ 16, L_0x12fe0fc90, C4<0000000000000000>, C4<0000000000000000>, C4<0000000000000000>;
L_0x12fe10630 .functor BUFZ 1, L_0x12fe0f420, C4<0>, C4<0>, C4<0>;
L_0x12fe10740 .functor BUFZ 1, L_0x12fe0f660, C4<0>, C4<0>, C4<0>;
L_0x12fe107b0 .functor BUFZ 1, L_0x12fe0f980, C4<0>, C4<0>, C4<0>;
L_0x12fe108d0 .functor BUFZ 1, L_0x12fe0fba0, C4<0>, C4<0>, C4<0>;
L_0x12fe10940 .functor BUFZ 1, L_0x12fe0fde0, C4<0>, C4<0>, C4<0>;
v0x12fe0ebd0_0 .var "clk", 0 0;
v0x12fe0ec80_0 .var "in_val", 15 0;
v0x12fe0ed10_0 .var "in_valid", 0 0;
v0x12fe0edc0 .array "out_valids", 0 4, 0 0;
v0x12fe0ee90 .array "out_vals", 0 4, 15 0;
v0x12fe0eff0 .array "pe_ids", 0 4, 3 0;
v0x12fe0f110_0 .var "rst", 0 0;
v0x12fe0f1a0_0 .var "tag_id", 3 0;
S_0x12fe046d0 .scope begin, "$ivl_for_loop0" "$ivl_for_loop0" 3 59, 3 59 0, S_0x12fe04310;
 .timescale -9 -12;
v0x12fe04840_0 .var/2s "i", 31 0;
S_0x12fe0d010 .scope module, "dut" "MulticastRouter" 3 24, 4 1 0, S_0x12fe04310;
 .timescale -9 -12;
    .port_info 0 /INPUT 1 "clk";
    .port_info 1 /INPUT 1 "rst";
    .port_info 2 /INPUT 16 "in_val";
    .port_info 3 /INPUT 4 "tag_id";
    .port_info 4 /INPUT 1 "in_valid";
    .port_info 5 /INPUT 20 "pe_ids";
    .port_info 6 /OUTPUT 80 "out_vals";
    .port_info 7 /OUTPUT 5 "out_valids";
P_0x12fe0d1e0 .param/l "DATA_WIDTH" 0 4 3, +C4<00000000000000000000000000010000>;
P_0x12fe0d220 .param/l "ID_WIDTH" 0 4 4, +C4<00000000000000000000000000000100>;
P_0x12fe0d260 .param/l "PE_COUNT" 0 4 2, +C4<00000000000000000000000000000101>;
v0x12fe0e430_0 .net "clk", 0 0, v0x12fe0ebd0_0;  1 drivers
v0x12fe0e4d0_0 .net "in_val", 15 0, v0x12fe0ec80_0;  1 drivers
v0x12fe0e580_0 .net "in_valid", 0 0, v0x12fe0ed10_0;  1 drivers
v0x12fe0e630 .array "out_valids", 0 4;
v0x12fe0e630_0 .net v0x12fe0e630 0, 0 0, L_0x12fe0f420; 1 drivers
v0x12fe0e630_1 .net v0x12fe0e630 1, 0 0, L_0x12fe0f660; 1 drivers
v0x12fe0e630_2 .net v0x12fe0e630 2, 0 0, L_0x12fe0f980; 1 drivers
v0x12fe0e630_3 .net v0x12fe0e630 3, 0 0, L_0x12fe0fba0; 1 drivers
v0x12fe0e630_4 .net v0x12fe0e630 4, 0 0, L_0x12fe0fde0; 1 drivers
v0x12fe0e740 .array "out_vals", 0 4;
v0x12fe0e740_0 .net v0x12fe0e740 0, 15 0, L_0x12fe0f250; 1 drivers
v0x12fe0e740_1 .net v0x12fe0e740 1, 15 0, L_0x12fe0f530; 1 drivers
v0x12fe0e740_2 .net v0x12fe0e740 2, 15 0, L_0x12fe0f750; 1 drivers
v0x12fe0e740_3 .net v0x12fe0e740 3, 15 0, L_0x12fe0fa90; 1 drivers
v0x12fe0e740_4 .net v0x12fe0e740 4, 15 0, L_0x12fe0fc90; 1 drivers
v0x12fe0eff0_0 .array/port v0x12fe0eff0, 0;
v0x12fe0e8a0 .array "pe_ids", 0 4;
v0x12fe0e8a0_0 .net v0x12fe0e8a0 0, 3 0, v0x12fe0eff0_0; 1 drivers
v0x12fe0eff0_1 .array/port v0x12fe0eff0, 1;
v0x12fe0e8a0_1 .net v0x12fe0e8a0 1, 3 0, v0x12fe0eff0_1; 1 drivers
v0x12fe0eff0_2 .array/port v0x12fe0eff0, 2;
v0x12fe0e8a0_2 .net v0x12fe0e8a0 2, 3 0, v0x12fe0eff0_2; 1 drivers
v0x12fe0eff0_3 .array/port v0x12fe0eff0, 3;
v0x12fe0e8a0_3 .net v0x12fe0e8a0 3, 3 0, v0x12fe0eff0_3; 1 drivers
v0x12fe0eff0_4 .array/port v0x12fe0eff0, 4;
v0x12fe0e8a0_4 .net v0x12fe0e8a0 4, 3 0, v0x12fe0eff0_4; 1 drivers
v0x12fe0e9c0_0 .net "rst", 0 0, v0x12fe0f110_0;  1 drivers
v0x12fe0ea60_0 .net "tag_id", 3 0, v0x12fe0f1a0_0;  1 drivers
S_0x12fe0d520 .scope generate, "PE_MATCH[0]" "PE_MATCH[0]" 4 21, 4 21 0, S_0x12fe0d010;
 .timescale -9 -12;
P_0x12fe0d6f0 .param/l "i" 1 4 21, +C4<00>;
L_0x12fe0f250 .functor BUFZ 16, v0x12fe0ec80_0, C4<0000000000000000>, C4<0000000000000000>, C4<0000000000000000>;
L_0x12fe0f420 .functor AND 1, v0x12fe0ed10_0, L_0x12fe0f320, C4<1>, C4<1>;
v0x12fe0d790_0 .net *"_ivl_5", 0 0, L_0x12fe0f320;  1 drivers
L_0x12fe0f320 .cmp/eq 4, v0x12fe0eff0_0, v0x12fe0f1a0_0;
S_0x12fe0d820 .scope generate, "PE_MATCH[1]" "PE_MATCH[1]" 4 21, 4 21 0, S_0x12fe0d010;
 .timescale -9 -12;
P_0x12fe0d990 .param/l "i" 1 4 21, +C4<01>;
L_0x12fe0f530 .functor BUFZ 16, v0x12fe0ec80_0, C4<0000000000000000>, C4<0000000000000000>, C4<0000000000000000>;
L_0x12fe0f660 .functor AND 1, v0x12fe0ed10_0, L_0x12fe0f5a0, C4<1>, C4<1>;
v0x12fe0da20_0 .net *"_ivl_5", 0 0, L_0x12fe0f5a0;  1 drivers
L_0x12fe0f5a0 .cmp/eq 4, v0x12fe0eff0_1, v0x12fe0f1a0_0;
S_0x12fe0dac0 .scope generate, "PE_MATCH[2]" "PE_MATCH[2]" 4 21, 4 21 0, S_0x12fe0d010;
 .timescale -9 -12;
P_0x12fe0dcb0 .param/l "i" 1 4 21, +C4<010>;
L_0x12fe0f750 .functor BUFZ 16, v0x12fe0ec80_0, C4<0000000000000000>, C4<0000000000000000>, C4<0000000000000000>;
L_0x12fe0f980 .functor AND 1, v0x12fe0ed10_0, L_0x12fe0f840, C4<1>, C4<1>;
v0x12fe0dd40_0 .net *"_ivl_5", 0 0, L_0x12fe0f840;  1 drivers
L_0x12fe0f840 .cmp/eq 4, v0x12fe0eff0_2, v0x12fe0f1a0_0;
S_0x12fe0dde0 .scope generate, "PE_MATCH[3]" "PE_MATCH[3]" 4 21, 4 21 0, S_0x12fe0d010;
 .timescale -9 -12;
P_0x12fe0dfb0 .param/l "i" 1 4 21, +C4<011>;
L_0x12fe0fa90 .functor BUFZ 16, v0x12fe0ec80_0, C4<0000000000000000>, C4<0000000000000000>, C4<0000000000000000>;
L_0x12fe0fba0 .functor AND 1, v0x12fe0ed10_0, L_0x12fe0fb00, C4<1>, C4<1>;
v0x12fe0e050_0 .net *"_ivl_5", 0 0, L_0x12fe0fb00;  1 drivers
L_0x12fe0fb00 .cmp/eq 4, v0x12fe0eff0_3, v0x12fe0f1a0_0;
S_0x12fe0e0f0 .scope generate, "PE_MATCH[4]" "PE_MATCH[4]" 4 21, 4 21 0, S_0x12fe0d010;
 .timescale -9 -12;
P_0x12fe0e300 .param/l "i" 1 4 21, +C4<0100>;
L_0x12fe0fc90 .functor BUFZ 16, v0x12fe0ec80_0, C4<0000000000000000>, C4<0000000000000000>, C4<0000000000000000>;
L_0x12fe0fde0 .functor AND 1, v0x12fe0ed10_0, L_0x12fe0fd00, C4<1>, C4<1>;
v0x12fe0e3a0_0 .net *"_ivl_5", 0 0, L_0x12fe0fd00;  1 drivers
L_0x12fe0fd00 .cmp/eq 4, v0x12fe0eff0_4, v0x12fe0f1a0_0;
    .scope S_0x12fe04310;
T_0 ;
    %pushi/vec4 0, 0, 1;
    %store/vec4 v0x12fe0ebd0_0, 0, 1;
    %end;
    .thread T_0;
    .scope S_0x12fe04310;
T_1 ;
    %delay 5000, 0;
    %load/vec4 v0x12fe0ebd0_0;
    %inv;
    %store/vec4 v0x12fe0ebd0_0, 0, 1;
    %jmp T_1;
    .thread T_1;
    .scope S_0x12fe04310;
T_2 ;
    %vpi_call/w 3 40 "$display", "=== MulticastRouter Test ===" {0 0 0};
    %vpi_call/w 3 41 "$dumpfile", "tb_multicast_router.vcd" {0 0 0};
    %vpi_call/w 3 42 "$dumpvars", 32'sb00000000000000000000000000000000, S_0x12fe04310 {0 0 0};
    %pushi/vec4 0, 0, 4;
    %ix/load 4, 0, 0;
    %flag_set/imm 4, 0;
    %store/vec4a v0x12fe0eff0, 4, 0;
    %pushi/vec4 1, 0, 4;
    %ix/load 4, 1, 0;
    %flag_set/imm 4, 0;
    %store/vec4a v0x12fe0eff0, 4, 0;
    %pushi/vec4 2, 0, 4;
    %ix/load 4, 2, 0;
    %flag_set/imm 4, 0;
    %store/vec4a v0x12fe0eff0, 4, 0;
    %pushi/vec4 3, 0, 4;
    %ix/load 4, 3, 0;
    %flag_set/imm 4, 0;
    %store/vec4a v0x12fe0eff0, 4, 0;
    %pushi/vec4 4, 0, 4;
    %ix/load 4, 4, 0;
    %flag_set/imm 4, 0;
    %store/vec4a v0x12fe0eff0, 4, 0;
    %pushi/vec4 0, 0, 1;
    %store/vec4 v0x12fe0f110_0, 0, 1;
    %pushi/vec4 48879, 0, 16;
    %store/vec4 v0x12fe0ec80_0, 0, 16;
    %pushi/vec4 2, 0, 4;
    %store/vec4 v0x12fe0f1a0_0, 0, 4;
    %pushi/vec4 1, 0, 1;
    %store/vec4 v0x12fe0ed10_0, 0, 1;
    %delay 10000, 0;
    %fork t_1, S_0x12fe046d0;
    %jmp t_0;
    .scope S_0x12fe046d0;
t_1 ;
    %pushi/vec4 0, 0, 32;
    %store/vec4 v0x12fe04840_0, 0, 32;
T_2.0 ;
    %load/vec4 v0x12fe04840_0;
    %cmpi/s 5, 0, 32;
    %jmp/0xz T_2.1, 5;
    %ix/getv/s 4, v0x12fe04840_0;
    %load/vec4a v0x12fe0eff0, 4;
    %load/vec4 v0x12fe0f1a0_0;
    %cmp/e;
    %jmp/0xz  T_2.2, 4;
    %ix/getv/s 4, v0x12fe04840_0;
    %load/vec4a v0x12fe0edc0, 4;
    %pad/u 32;
    %cmpi/ne 1, 0, 32;
    %jmp/1 T_2.6, 6;
    %flag_mov 8, 6;
    %ix/getv/s 4, v0x12fe04840_0;
    %load/vec4a v0x12fe0ee90, 4;
    %cmpi/ne 48879, 0, 16;
    %flag_or 6, 8;
T_2.6;
    %jmp/0xz  T_2.4, 6;
    %vpi_call/w 3 62 "$display", "\342\235\214 FAIL: PE[%0d] should be valid with value BEEF, got en=%0b, val=0x%h", v0x12fe04840_0, &A<v0x12fe0edc0, v0x12fe04840_0 >, &A<v0x12fe0ee90, v0x12fe04840_0 > {0 0 0};
    %jmp T_2.5;
T_2.4 ;
    %vpi_call/w 3 64 "$display", "\342\234\205 PASS: PE[%0d] received multicast", v0x12fe04840_0 {0 0 0};
T_2.5 ;
    %jmp T_2.3;
T_2.2 ;
    %ix/getv/s 4, v0x12fe04840_0;
    %load/vec4a v0x12fe0edc0, 4;
    %pad/u 32;
    %cmpi/ne 0, 0, 32;
    %jmp/1 T_2.9, 6;
    %flag_mov 8, 6;
    %ix/getv/s 4, v0x12fe04840_0;
    %load/vec4a v0x12fe0ee90, 4;
    %cmpi/ne 48879, 0, 16;
    %flag_or 6, 8;
T_2.9;
    %jmp/0xz  T_2.7, 6;
    %vpi_call/w 3 67 "$display", "\342\235\214 FAIL: PE[%0d] should be disabled but got en=%0b, val=0x%h", v0x12fe04840_0, &A<v0x12fe0edc0, v0x12fe04840_0 >, &A<v0x12fe0ee90, v0x12fe04840_0 > {0 0 0};
    %jmp T_2.8;
T_2.7 ;
    %vpi_call/w 3 69 "$display", "\342\234\205 PASS: PE[%0d] ignored multicast", v0x12fe04840_0 {0 0 0};
T_2.8 ;
T_2.3 ;
    ; show_stmt_assign_vector: Get l-value for compressed += operand
    %load/vec4 v0x12fe04840_0;
    %pushi/vec4 1, 0, 32;
    %add;
    %cast2;
    %store/vec4 v0x12fe04840_0, 0, 32;
    %jmp T_2.0;
T_2.1 ;
    %end;
    .scope S_0x12fe04310;
t_0 %join;
    %vpi_call/w 3 73 "$finish" {0 0 0};
    %end;
    .thread T_2;
# The file index is used to find the file name in the following table.
:file_names 5;
    "N/A";
    "<interactive>";
    "-";
    "tb_multicast_router.sv";
    "multicast_router.sv";
